<?xml version="1.0" encoding="UTF-8"?>
<testng-results skipped="0" failed="0" ignored="0" total="2" passed="2">
  <reporter-output>
  </reporter-output>
  <suite name="OpenCart Test Suite" duration-ms="21158" started-at="2022-04-03T14:46:48 EDT" finished-at="2022-04-03T14:47:09 EDT">
    <groups>
      <group name="regression">
        <method signature="TC_001_AccountRegistration.test_Account_Registration()[pri:0, instance:testCases.TC_001_AccountRegistration@74ad1f1f]" name="test_Account_Registration" class="testCases.TC_001_AccountRegistration"/>
      </group> <!-- regression -->
      <group name="sanity">
        <method signature="TC_002_LoginTest.TC_002_testLogin()[pri:0, instance:testCases.TC_002_LoginTest@37374a5e]" name="TC_002_testLogin" class="testCases.TC_002_LoginTest"/>
      </group> <!-- sanity -->
      <group name="master">
        <method signature="TC_001_AccountRegistration.test_Account_Registration()[pri:0, instance:testCases.TC_001_AccountRegistration@74ad1f1f]" name="test_Account_Registration" class="testCases.TC_001_AccountRegistration"/>
        <method signature="TC_002_LoginTest.TC_002_testLogin()[pri:0, instance:testCases.TC_002_LoginTest@37374a5e]" name="TC_002_testLogin" class="testCases.TC_002_LoginTest"/>
      </group> <!-- master -->
    </groups>
    <test name="OpenCart Tests" duration-ms="21158" started-at="2022-04-03T14:46:48 EDT" finished-at="2022-04-03T14:47:09 EDT">
      <class name="testCases.TC_002_LoginTest">
        <test-method status="PASS" signature="setup(java.lang.String)[pri:0, instance:testCases.TC_002_LoginTest@37374a5e]" name="setup" is-config="true" duration-ms="1492" started-at="2022-04-03T14:47:01 EDT" finished-at="2022-04-03T14:47:03 EDT">
          <params>
            <param index="0">
              <value>
                <![CDATA[chrome]]>
              </value>
            </param>
          </params>
          <reporter-output>
          </reporter-output>
        </test-method> <!-- setup -->
        <test-method status="PASS" signature="TC_002_testLogin()[pri:0, instance:testCases.TC_002_LoginTest@37374a5e]" name="TC_002_testLogin" duration-ms="5564" started-at="2022-04-03T14:47:03 EDT" finished-at="2022-04-03T14:47:08 EDT">
          <reporter-output>
          </reporter-output>
        </test-method> <!-- TC_002_testLogin -->
        <test-method status="PASS" signature="tearDown()[pri:0, instance:testCases.TC_002_LoginTest@37374a5e]" name="tearDown" is-config="true" duration-ms="827" started-at="2022-04-03T14:47:08 EDT" finished-at="2022-04-03T14:47:09 EDT">
          <reporter-output>
          </reporter-output>
        </test-method> <!-- tearDown -->
      </class> <!-- testCases.TC_002_LoginTest -->
      <class name="testCases.TC_001_AccountRegistration">
        <test-method status="PASS" signature="setup(java.lang.String)[pri:0, instance:testCases.TC_001_AccountRegistration@74ad1f1f]" name="setup" is-config="true" duration-ms="4570" started-at="2022-04-03T14:46:48 EDT" finished-at="2022-04-03T14:46:53 EDT">
          <params>
            <param index="0">
              <value>
                <![CDATA[chrome]]>
              </value>
            </param>
          </params>
          <reporter-output>
          </reporter-output>
        </test-method> <!-- setup -->
        <test-method status="PASS" signature="test_Account_Registration()[pri:0, instance:testCases.TC_001_AccountRegistration@74ad1f1f]" name="test_Account_Registration" duration-ms="7569" started-at="2022-04-03T14:46:53 EDT" finished-at="2022-04-03T14:47:01 EDT">
          <reporter-output>
          </reporter-output>
        </test-method> <!-- test_Account_Registration -->
        <test-method status="PASS" signature="tearDown()[pri:0, instance:testCases.TC_001_AccountRegistration@74ad1f1f]" name="tearDown" is-config="true" duration-ms="776" started-at="2022-04-03T14:47:01 EDT" finished-at="2022-04-03T14:47:01 EDT">
          <reporter-output>
          </reporter-output>
        </test-method> <!-- tearDown -->
      </class> <!-- testCases.TC_001_AccountRegistration -->
    </test> <!-- OpenCart Tests -->
  </suite> <!-- OpenCart Test Suite -->
</testng-results>
